<?xml version="1.0" encoding="UTF-8"?>
<testng-results ignored="0" total="6" passed="4" failed="2" skipped="0">
  <reporter-output>
  </reporter-output>
  <suite started-at="2024-01-19T18:04:47 GMT-05:00" name="Suite" finished-at="2024-01-19T18:04:47 GMT-05:00" duration-ms="171">
    <groups>
      <group name="Smoke">
        <method signature="basicTest4.HomeWeblogin()[pri:0, instance:TestPackage.basicTest4@4c39bec8]" name="HomeWeblogin" class="TestPackage.basicTest4"/>
      </group> <!-- Smoke -->
    </groups>
    <test started-at="2024-01-19T18:04:47 GMT-05:00" name="Test" finished-at="2024-01-19T18:04:47 GMT-05:00" duration-ms="63">
      <class name="TestPackage.basicTest">
        <test-method is-config="true" signature="Bfclass()[pri:0, instance:TestPackage.basicTest@3eb25e1a]" started-at="2024-01-19T18:04:47 GMT-05:00" name="Bfclass" finished-at="2024-01-19T18:04:47 GMT-05:00" duration-ms="1" status="PASS">
          <reporter-output>
          </reporter-output>
        </test-method> <!-- Bfclass -->
        <test-method signature="Demo2()[pri:0, instance:TestPackage.basicTest@3eb25e1a]" started-at="2024-01-19T18:04:47 GMT-05:00" name="Demo2" finished-at="2024-01-19T18:04:47 GMT-05:00" duration-ms="7" status="PASS">
          <reporter-output>
          </reporter-output>
        </test-method> <!-- Demo2 -->
        <test-method is-config="true" signature="Afclass()[pri:0, instance:TestPackage.basicTest@3eb25e1a]" started-at="2024-01-19T18:04:47 GMT-05:00" name="Afclass" finished-at="2024-01-19T18:04:47 GMT-05:00" duration-ms="0" status="PASS">
          <reporter-output>
          </reporter-output>
        </test-method> <!-- Afclass -->
      </class> <!-- TestPackage.basicTest -->
      <class name="TestPackage.basicTest2">
        <test-method is-config="true" signature="beforetest()[pri:0, instance:TestPackage.basicTest2@6f03482]" started-at="2024-01-19T18:04:47 GMT-05:00" name="beforetest" finished-at="2024-01-19T18:04:47 GMT-05:00" duration-ms="1" status="PASS">
          <reporter-output>
          </reporter-output>
        </test-method> <!-- beforetest -->
        <test-method is-config="true" signature="Demo3()[pri:0, instance:TestPackage.basicTest2@6f03482]" started-at="2024-01-19T18:04:47 GMT-05:00" name="Demo3" finished-at="2024-01-19T18:04:47 GMT-05:00" duration-ms="1" status="PASS">
          <reporter-output>
          </reporter-output>
        </test-method> <!-- Demo3 -->
        <test-method is-config="true" signature="BfMethod()[pri:0, instance:TestPackage.basicTest2@6f03482]" started-at="2024-01-19T18:04:47 GMT-05:00" name="BfMethod" finished-at="2024-01-19T18:04:47 GMT-05:00" depends-on-methods="TestPackage.basicTest2.Demo3" duration-ms="0" status="PASS">
          <reporter-output>
          </reporter-output>
        </test-method> <!-- BfMethod -->
        <test-method signature="testclass(java.lang.String,java.lang.String)[pri:0, instance:TestPackage.basicTest2@6f03482]" started-at="2024-01-19T18:04:47 GMT-05:00" name="testclass" finished-at="2024-01-19T18:04:47 GMT-05:00" duration-ms="3" status="PASS">
          <params>
            <param index="0">
              <value>
                <![CDATA[www.google.com]]>
              </value>
            </param>
            <param index="1">
              <value>
                <![CDATA[123456]]>
              </value>
            </param>
          </params>
          <reporter-output>
          </reporter-output>
        </test-method> <!-- testclass -->
        <test-method is-config="true" signature="AfterMethod()[pri:0, instance:TestPackage.basicTest2@6f03482]" started-at="2024-01-19T18:04:47 GMT-05:00" name="AfterMethod" finished-at="2024-01-19T18:04:47 GMT-05:00" duration-ms="0" status="PASS">
          <reporter-output>
          </reporter-output>
        </test-method> <!-- AfterMethod -->
      </class> <!-- TestPackage.basicTest2 -->
    </test> <!-- Test -->
    <test started-at="2024-01-19T18:04:47 GMT-05:00" name="HomeLoan" finished-at="2024-01-19T18:04:47 GMT-05:00" duration-ms="11">
      <class name="TestPackage.basicTest3">
        <test-method signature="CarWeblogin(java.lang.String,java.lang.String)[pri:0, instance:TestPackage.basicTest3@1190200a]" started-at="2024-01-19T18:04:47 GMT-05:00" name="CarWeblogin" finished-at="2024-01-19T18:04:47 GMT-05:00" duration-ms="0" status="FAIL">
          <exception class="org.testng.TestNGException">
            <message>
              <![CDATA[
Method public void TestPackage.basicTest3.CarWeblogin(java.lang.String,java.lang.String) requires a @DataProvider named : getdata]]>
            </message>
            <full-stacktrace>
              <![CDATA[org.testng.TestNGException: 
Method public void TestPackage.basicTest3.CarWeblogin(java.lang.String,java.lang.String) requires a @DataProvider named : getdata
at org.testng.internal.Parameters.findDataProvider(Parameters.java:535)
at org.testng.internal.Parameters.handleParameters(Parameters.java:772)
at org.testng.internal.Parameters.handleParameters(Parameters.java:737)
at org.testng.internal.invokers.ParameterHandler.handleParameters(ParameterHandler.java:72)
at org.testng.internal.invokers.ParameterHandler.createParameters(ParameterHandler.java:51)
at org.testng.internal.invokers.TestInvoker$MethodInvocationAgent.invoke(TestInvoker.java:915)
at org.testng.internal.invokers.TestInvoker.invokeTestMethods(TestInvoker.java:201)
at org.testng.internal.invokers.TestMethodWorker.invokeTestMethods(TestMethodWorker.java:148)
at org.testng.internal.invokers.TestMethodWorker.run(TestMethodWorker.java:128)
at java.base/java.util.ArrayList.forEach(ArrayList.java:1511)
at org.testng.TestRunner.privateRun(TestRunner.java:819)
at org.testng.TestRunner.run(TestRunner.java:619)
at org.testng.SuiteRunner.runTest(SuiteRunner.java:443)
at org.testng.SuiteRunner.runSequentially(SuiteRunner.java:437)
at org.testng.SuiteRunner.privateRun(SuiteRunner.java:397)
at org.testng.SuiteRunner.run(SuiteRunner.java:336)
at org.testng.SuiteRunnerWorker.runSuite(SuiteRunnerWorker.java:52)
at org.testng.SuiteRunnerWorker.run(SuiteRunnerWorker.java:95)
at org.testng.TestNG.runSuitesSequentially(TestNG.java:1301)
at org.testng.TestNG.runSuitesLocally(TestNG.java:1228)
at org.testng.TestNG.runSuites(TestNG.java:1134)
at org.testng.TestNG.run(TestNG.java:1101)
at org.testng.remote.AbstractRemoteTestNG.run(AbstractRemoteTestNG.java:115)
at org.testng.remote.RemoteTestNG.initAndRun(RemoteTestNG.java:251)
at org.testng.remote.RemoteTestNG.main(RemoteTestNG.java:77)
]]>
            </full-stacktrace>
          </exception> <!-- org.testng.TestNGException -->
          <reporter-output>
          </reporter-output>
        </test-method> <!-- CarWeblogin -->
        <test-method is-config="true" signature="afterTest()[pri:0, instance:TestPackage.basicTest3@1190200a]" started-at="2024-01-19T18:04:47 GMT-05:00" name="afterTest" finished-at="2024-01-19T18:04:47 GMT-05:00" duration-ms="6" status="PASS">
          <reporter-output>
          </reporter-output>
        </test-method> <!-- afterTest -->
      </class> <!-- TestPackage.basicTest3 -->
    </test> <!-- HomeLoan -->
    <test started-at="2024-01-19T18:04:47 GMT-05:00" name="CarLoan" finished-at="2024-01-19T18:04:47 GMT-05:00" duration-ms="28">
      <class name="TestPackage.basicTest">
        <test-method is-config="true" signature="AfSuite()[pri:0, instance:TestPackage.basicTest@3eb25e1a]" started-at="2024-01-19T18:04:47 GMT-05:00" name="AfSuite" finished-at="2024-01-19T18:04:47 GMT-05:00" duration-ms="0" status="PASS">
          <reporter-output>
          </reporter-output>
        </test-method> <!-- AfSuite -->
      </class> <!-- TestPackage.basicTest -->
      <class name="TestPackage.basicTest4">
        <test-method signature="HomeLoginAPI()[pri:0, instance:TestPackage.basicTest4@4c39bec8]" started-at="2024-01-19T18:04:47 GMT-05:00" name="HomeLoginAPI" finished-at="2024-01-19T18:04:47 GMT-05:00" duration-ms="10" status="FAIL">
          <exception class="java.lang.AssertionError">
            <message>
              <![CDATA[expected [true] but found [false]]]>
            </message>
            <full-stacktrace>
              <![CDATA[java.lang.AssertionError: expected [true] but found [false]
at org.testng.Assert.fail(Assert.java:111)
at org.testng.Assert.failNotEquals(Assert.java:1578)
at org.testng.Assert.assertTrue(Assert.java:57)
at org.testng.Assert.assertTrue(Assert.java:67)
at TestPackage.basicTest4.HomeLoginAPI(basicTest4.java:32)
at java.base/jdk.internal.reflect.NativeMethodAccessorImpl.invoke0(Native Method)
at java.base/jdk.internal.reflect.NativeMethodAccessorImpl.invoke(NativeMethodAccessorImpl.java:77)
at java.base/jdk.internal.reflect.DelegatingMethodAccessorImpl.invoke(DelegatingMethodAccessorImpl.java:43)
at java.base/java.lang.reflect.Method.invoke(Method.java:568)
at org.testng.internal.invokers.MethodInvocationHelper.invokeMethod(MethodInvocationHelper.java:139)
at org.testng.internal.invokers.TestInvoker.invokeMethod(TestInvoker.java:664)
at org.testng.internal.invokers.TestInvoker.invokeTestMethod(TestInvoker.java:228)
at org.testng.internal.invokers.MethodRunner.runInSequence(MethodRunner.java:63)
at org.testng.internal.invokers.TestInvoker$MethodInvocationAgent.invoke(TestInvoker.java:961)
at org.testng.internal.invokers.TestInvoker.invokeTestMethods(TestInvoker.java:201)
at org.testng.internal.invokers.TestMethodWorker.invokeTestMethods(TestMethodWorker.java:148)
at org.testng.internal.invokers.TestMethodWorker.run(TestMethodWorker.java:128)
at java.base/java.util.ArrayList.forEach(ArrayList.java:1511)
at org.testng.TestRunner.privateRun(TestRunner.java:819)
at org.testng.TestRunner.run(TestRunner.java:619)
at org.testng.SuiteRunner.runTest(SuiteRunner.java:443)
at org.testng.SuiteRunner.runSequentially(SuiteRunner.java:437)
at org.testng.SuiteRunner.privateRun(SuiteRunner.java:397)
at org.testng.SuiteRunner.run(SuiteRunner.java:336)
at org.testng.SuiteRunnerWorker.runSuite(SuiteRunnerWorker.java:52)
at org.testng.SuiteRunnerWorker.run(SuiteRunnerWorker.java:95)
at org.testng.TestNG.runSuitesSequentially(TestNG.java:1301)
at org.testng.TestNG.runSuitesLocally(TestNG.java:1228)
at org.testng.TestNG.runSuites(TestNG.java:1134)
at org.testng.TestNG.run(TestNG.java:1101)
at org.testng.remote.AbstractRemoteTestNG.run(AbstractRemoteTestNG.java:115)
at org.testng.remote.RemoteTestNG.initAndRun(RemoteTestNG.java:251)
at org.testng.remote.RemoteTestNG.main(RemoteTestNG.java:77)
]]>
            </full-stacktrace>
          </exception> <!-- java.lang.AssertionError -->
          <reporter-output>
          </reporter-output>
        </test-method> <!-- HomeLoginAPI -->
        <test-method signature="HomeMobilelogin()[pri:0, instance:TestPackage.basicTest4@4c39bec8]" started-at="2024-01-19T18:04:47 GMT-05:00" name="HomeMobilelogin" finished-at="2024-01-19T18:04:47 GMT-05:00" duration-ms="2" status="PASS">
          <reporter-output>
          </reporter-output>
        </test-method> <!-- HomeMobilelogin -->
        <test-method signature="HomeWeblogin()[pri:0, instance:TestPackage.basicTest4@4c39bec8]" started-at="2024-01-19T18:04:47 GMT-05:00" name="HomeWeblogin" finished-at="2024-01-19T18:04:47 GMT-05:00" duration-ms="2" status="PASS">
          <reporter-output>
          </reporter-output>
        </test-method> <!-- HomeWeblogin -->
      </class> <!-- TestPackage.basicTest4 -->
      <class name="TestPackage.basicTest3">
        <test-method is-config="true" signature="bfsuite()[pri:0, instance:TestPackage.basicTest3@1190200a]" started-at="2024-01-19T18:04:47 GMT-05:00" name="bfsuite" finished-at="2024-01-19T18:04:47 GMT-05:00" duration-ms="13" status="PASS">
          <reporter-output>
          </reporter-output>
        </test-method> <!-- bfsuite -->
      </class> <!-- TestPackage.basicTest3 -->
    </test> <!-- CarLoan -->
  </suite> <!-- Suite -->
</testng-results>
